[handleMsg]:  {
  key: {
    remoteJid: '5491136801581@s.whatsapp.net',
    fromMe: false,
    id: 'BA6D9438F1829DD8CFC426D8CAF67CBE',
    participant: undefined
  },
  messageTimestamp: 1695825201,
  pushName: 'Matias Alvarez',
  broadcast: false,
  message: Message {
    extendedTextMessage: ExtendedTextMessage {
      text: 'Hola',
      previewType: 0,
      contextInfo: [ContextInfo],
      inviteLinkGroupTypeV2: 0
    },
    messageContextInfo: MessageContextInfo {
      deviceListMetadata: [DeviceListMetadata],
      deviceListMetadataVersion: 2
    }
  },
  body: 'Hola',
  from: '5491136801581'
}
[QUEUE_SE_ENVIO]:  {
  ref: 'ans_cfd0e3b0-031b-4a00-b6e4-bf5f242fa494',
  keyword: 'key_064e8018-60e0-477f-a7f1-094e21b807a3',
  answer: '🙌 Hola bienvenido a este *Chatbot*',
  options: {
    media: null,
    buttons: [],
    capture: false,
    child: null,
    delay: 0,
    nested: [],
    keyword: {},
    callback: false
  },
  refSerialize: '8e631b293927f6ce44ab9d632ba31728'
}
[QUEUE_SE_ENVIO]:  {
  ref: 'ans_d9b7f713-410f-4e75-a769-34d578ef3c8a',
  keyword: 'ans_cfd0e3b0-031b-4a00-b6e4-bf5f242fa494',
  answer: 'te comparto los siguientes links de interes sobre el proyecto\n' +
    '👉 *doc* para ver la documentación\n' +
    '👉 *gracias*  para ver la lista de videos\n' +
    '👉 *discord* unirte al discord',
  options: {
    media: null,
    buttons: [],
    capture: false,
    child: null,
    delay: 0,
    nested: [
      [Object], [Object],
      [Object], [Object],
      [Object], [Object],
      [Object], [Object]
    ],
    keyword: {},
    callback: false
  },
  refSerialize: 'c0b375f512ba9639890deb0d9fc9d086'
}
